<?xml version="1.0" encoding="UTF-8"?>
<testsuite xmlns:xsi="http://www.w3.org/2001/XMLSchema-instance" xsi:noNamespaceSchemaLocation="https://maven.apache.org/surefire/maven-surefire-plugin/xsd/surefire-test-report-3.0.xsd" version="3.0" name="my.company.cryptowallet.service.CriptoServiceTest" time="0.017" tests="8" errors="0" skipped="0" failures="0">
  <properties>
[...]
</properties>
  <testcase name="testRegistrarTransacaoNula" classname="my.company.cryptowallet.service.CriptoServiceTest" time="0.001"/>
  <testcase name="testRegistrarTransacaoComQuantidadeZero" classname="my.company.cryptowallet.service.CriptoServiceTest" time="0.008"/>
  <testcase name="testCalcularSaldoEthereum" classname="my.company.cryptowallet.service.CriptoServiceTest" time="0.001"/>
  <testcase name="testSaldoInicialZero" classname="my.company.cryptowallet.service.CriptoServiceTest" time="0.001"/>
  <testcase name="testRegistrarTransacaoComPrecoNegativo" classname="my.company.cryptowallet.service.CriptoServiceTest" time="0.001"/>
  <testcase name="testRegistrarTransacaoValida" classname="my.company.cryptowallet.service.CriptoServiceTest" time="0.001"/>
  <testcase name="testListarTransacoesVazia" classname="my.company.cryptowallet.service.CriptoServiceTest" time="0"/>
  <testcase name="testCalcularSaldoBitcoin" classname="my.company.cryptowallet.service.CriptoServiceTest" time="0"/>
</testsuite>